Determining if the function crc32c_value exists in the crc32c failed with the following output:
Change Dir: /tmp/tmp.zGPqB7Fg6o/cmake-build-debug/CMakeFiles/CMakeTmp

Run Build Command(s):/usr/bin/make cmTC_ff0c6/fast && /usr/bin/make -f CMakeFiles/cmTC_ff0c6.dir/build.make CMakeFiles/cmTC_ff0c6.dir/build
make[1]: Entering directory '/tmp/tmp.zGPqB7Fg6o/cmake-build-debug/CMakeFiles/CMakeTmp'
Building C object CMakeFiles/cmTC_ff0c6.dir/CheckFunctionExists.c.o
/usr/bin/cc   -DCHECK_FUNCTION_EXISTS=crc32c_value   -std=c11 -o CMakeFiles/cmTC_ff0c6.dir/CheckFunctionExists.c.o   -c /usr/share/cmake-3.16/Modules/CheckFunctionExists.c
Linking C executable cmTC_ff0c6
/usr/bin/cmake -E cmake_link_script CMakeFiles/cmTC_ff0c6.dir/link.txt --verbose=1
/usr/bin/cc  -DCHECK_FUNCTION_EXISTS=crc32c_value    CMakeFiles/cmTC_ff0c6.dir/CheckFunctionExists.c.o  -o cmTC_ff0c6  -lcrc32c 
/usr/bin/ld: cannot find -lcrc32c
collect2: error: ld returned 1 exit status
make[1]: *** [CMakeFiles/cmTC_ff0c6.dir/build.make:87: cmTC_ff0c6] Error 1
make[1]: Leaving directory '/tmp/tmp.zGPqB7Fg6o/cmake-build-debug/CMakeFiles/CMakeTmp'
make: *** [Makefile:121: cmTC_ff0c6/fast] Error 2



Determining if the function snappy_compress exists in the snappy failed with the following output:
Change Dir: /tmp/tmp.zGPqB7Fg6o/cmake-build-debug/CMakeFiles/CMakeTmp

Run Build Command(s):/usr/bin/make cmTC_51296/fast && /usr/bin/make -f CMakeFiles/cmTC_51296.dir/build.make CMakeFiles/cmTC_51296.dir/build
make[1]: Entering directory '/tmp/tmp.zGPqB7Fg6o/cmake-build-debug/CMakeFiles/CMakeTmp'
Building C object CMakeFiles/cmTC_51296.dir/CheckFunctionExists.c.o
/usr/bin/cc   -DCHECK_FUNCTION_EXISTS=snappy_compress   -std=c11 -o CMakeFiles/cmTC_51296.dir/CheckFunctionExists.c.o   -c /usr/share/cmake-3.16/Modules/CheckFunctionExists.c
Linking C executable cmTC_51296
/usr/bin/cmake -E cmake_link_script CMakeFiles/cmTC_51296.dir/link.txt --verbose=1
/usr/bin/cc  -DCHECK_FUNCTION_EXISTS=snappy_compress    CMakeFiles/cmTC_51296.dir/CheckFunctionExists.c.o  -o cmTC_51296  -lsnappy 
/usr/bin/ld: cannot find -lsnappy
collect2: error: ld returned 1 exit status
make[1]: *** [CMakeFiles/cmTC_51296.dir/build.make:87: cmTC_51296] Error 1
make[1]: Leaving directory '/tmp/tmp.zGPqB7Fg6o/cmake-build-debug/CMakeFiles/CMakeTmp'
make: *** [Makefile:121: cmTC_51296/fast] Error 2



Determining if the function malloc exists in the tcmalloc failed with the following output:
Change Dir: /tmp/tmp.zGPqB7Fg6o/cmake-build-debug/CMakeFiles/CMakeTmp

Run Build Command(s):/usr/bin/make cmTC_1c6d1/fast && /usr/bin/make -f CMakeFiles/cmTC_1c6d1.dir/build.make CMakeFiles/cmTC_1c6d1.dir/build
make[1]: Entering directory '/tmp/tmp.zGPqB7Fg6o/cmake-build-debug/CMakeFiles/CMakeTmp'
Building C object CMakeFiles/cmTC_1c6d1.dir/CheckFunctionExists.c.o
/usr/bin/cc   -DCHECK_FUNCTION_EXISTS=malloc   -std=c11 -o CMakeFiles/cmTC_1c6d1.dir/CheckFunctionExists.c.o   -c /usr/share/cmake-3.16/Modules/CheckFunctionExists.c
<command-line>: warning: conflicting types for built-in function ‘malloc’; expected ‘void *(long unsigned int)’ [-Wbuiltin-declaration-mismatch]
/usr/share/cmake-3.16/Modules/CheckFunctionExists.c:7:3: note: in expansion of macro ‘CHECK_FUNCTION_EXISTS’
    7 |   CHECK_FUNCTION_EXISTS(void);
      |   ^~~~~~~~~~~~~~~~~~~~~
/usr/share/cmake-3.16/Modules/CheckFunctionExists.c:1:1: note: ‘malloc’ is declared in header ‘<stdlib.h>’
  +++ |+#include <stdlib.h>
    1 | #ifdef CHECK_FUNCTION_EXISTS
Linking C executable cmTC_1c6d1
/usr/bin/cmake -E cmake_link_script CMakeFiles/cmTC_1c6d1.dir/link.txt --verbose=1
/usr/bin/cc  -DCHECK_FUNCTION_EXISTS=malloc    CMakeFiles/cmTC_1c6d1.dir/CheckFunctionExists.c.o  -o cmTC_1c6d1  -ltcmalloc 
/usr/bin/ld: cannot find -ltcmalloc
collect2: error: ld returned 1 exit status
make[1]: *** [CMakeFiles/cmTC_1c6d1.dir/build.make:87: cmTC_1c6d1] Error 1
make[1]: Leaving directory '/tmp/tmp.zGPqB7Fg6o/cmake-build-debug/CMakeFiles/CMakeTmp'
make: *** [Makefile:121: cmTC_1c6d1/fast] Error 2



Determining if the F_FULLFSYNC exist failed with the following output:
Change Dir: /tmp/tmp.zGPqB7Fg6o/cmake-build-debug/CMakeFiles/CMakeTmp

Run Build Command(s):/usr/bin/make cmTC_c0cbe/fast && /usr/bin/make -f CMakeFiles/cmTC_c0cbe.dir/build.make CMakeFiles/cmTC_c0cbe.dir/build
make[1]: Entering directory '/tmp/tmp.zGPqB7Fg6o/cmake-build-debug/CMakeFiles/CMakeTmp'
Building CXX object CMakeFiles/cmTC_c0cbe.dir/CheckSymbolExists.cxx.o
/usr/bin/c++    -std=c++11 -o CMakeFiles/cmTC_c0cbe.dir/CheckSymbolExists.cxx.o -c /tmp/tmp.zGPqB7Fg6o/cmake-build-debug/CMakeFiles/CMakeTmp/CheckSymbolExists.cxx
/tmp/tmp.zGPqB7Fg6o/cmake-build-debug/CMakeFiles/CMakeTmp/CheckSymbolExists.cxx: In function ‘int main(int, char**)’:
/tmp/tmp.zGPqB7Fg6o/cmake-build-debug/CMakeFiles/CMakeTmp/CheckSymbolExists.cxx:8:19: error: ‘F_FULLFSYNC’ was not declared in this scope
    8 |   return ((int*)(&F_FULLFSYNC))[argc];
      |                   ^~~~~~~~~~~
make[1]: *** [CMakeFiles/cmTC_c0cbe.dir/build.make:66: CMakeFiles/cmTC_c0cbe.dir/CheckSymbolExists.cxx.o] Error 1
make[1]: Leaving directory '/tmp/tmp.zGPqB7Fg6o/cmake-build-debug/CMakeFiles/CMakeTmp'
make: *** [Makefile:121: cmTC_c0cbe/fast] Error 2


File /tmp/tmp.zGPqB7Fg6o/cmake-build-debug/CMakeFiles/CMakeTmp/CheckSymbolExists.cxx:
/* */
#include <fcntl.h>

int main(int argc, char** argv)
{
  (void)argv;
#ifndef F_FULLFSYNC
  return ((int*)(&F_FULLFSYNC))[argc];
#else
  (void)argc;
  return 0;
#endif
}
Performing C++ SOURCE FILE Test HAVE_CLANG_THREAD_SAFETY failed with the following output:
Change Dir: /tmp/tmp.zGPqB7Fg6o/cmake-build-debug/CMakeFiles/CMakeTmp

Run Build Command(s):/usr/bin/make cmTC_0825c/fast && /usr/bin/make -f CMakeFiles/cmTC_0825c.dir/build.make CMakeFiles/cmTC_0825c.dir/build
make[1]: Entering directory '/tmp/tmp.zGPqB7Fg6o/cmake-build-debug/CMakeFiles/CMakeTmp'
Building CXX object CMakeFiles/cmTC_0825c.dir/src.cxx.o
/usr/bin/c++    -fno-exceptions -fno-rtti -DHAVE_CLANG_THREAD_SAFETY   -Wthread-safety -std=c++11 -o CMakeFiles/cmTC_0825c.dir/src.cxx.o -c /tmp/tmp.zGPqB7Fg6o/cmake-build-debug/CMakeFiles/CMakeTmp/src.cxx
c++: error: unrecognized command line option '-Wthread-safety'
make[1]: *** [CMakeFiles/cmTC_0825c.dir/build.make:66: CMakeFiles/cmTC_0825c.dir/src.cxx.o] Error 1
make[1]: Leaving directory '/tmp/tmp.zGPqB7Fg6o/cmake-build-debug/CMakeFiles/CMakeTmp'
make: *** [Makefile:121: cmTC_0825c/fast] Error 2


Source file was:
int main() { return 0; }
Performing C SOURCE FILE Test CMAKE_HAVE_LIBC_PTHREAD failed with the following output:
Change Dir: /tmp/tmp.zGPqB7Fg6o/cmake-build-debug/CMakeFiles/CMakeTmp

Run Build Command(s):/usr/bin/make cmTC_82094/fast && /usr/bin/make -f CMakeFiles/cmTC_82094.dir/build.make CMakeFiles/cmTC_82094.dir/build
make[1]: Entering directory '/tmp/tmp.zGPqB7Fg6o/cmake-build-debug/CMakeFiles/CMakeTmp'
Building C object CMakeFiles/cmTC_82094.dir/src.c.o
/usr/bin/cc   -Wstrict-prototypes -DCMAKE_HAVE_LIBC_PTHREAD   -std=c11 -o CMakeFiles/cmTC_82094.dir/src.c.o   -c /tmp/tmp.zGPqB7Fg6o/cmake-build-debug/CMakeFiles/CMakeTmp/src.c
Linking C executable cmTC_82094
/usr/bin/cmake -E cmake_link_script CMakeFiles/cmTC_82094.dir/link.txt --verbose=1
/usr/bin/cc  -Wstrict-prototypes -DCMAKE_HAVE_LIBC_PTHREAD    CMakeFiles/cmTC_82094.dir/src.c.o  -o cmTC_82094 
/usr/bin/ld: CMakeFiles/cmTC_82094.dir/src.c.o: in function `main':
src.c:(.text+0x46): undefined reference to `pthread_create'
/usr/bin/ld: src.c:(.text+0x52): undefined reference to `pthread_detach'
/usr/bin/ld: src.c:(.text+0x63): undefined reference to `pthread_join'
collect2: error: ld returned 1 exit status
make[1]: *** [CMakeFiles/cmTC_82094.dir/build.make:87: cmTC_82094] Error 1
make[1]: Leaving directory '/tmp/tmp.zGPqB7Fg6o/cmake-build-debug/CMakeFiles/CMakeTmp'
make: *** [Makefile:121: cmTC_82094/fast] Error 2


Source file was:
#include <pthread.h>

void* test_func(void* data)
{
  return data;
}

int main(void)
{
  pthread_t thread;
  pthread_create(&thread, NULL, test_func, NULL);
  pthread_detach(thread);
  pthread_join(thread, NULL);
  pthread_atfork(NULL, NULL, NULL);
  pthread_exit(NULL);

  return 0;
}

Determining if the function pthread_create exists in the pthreads failed with the following output:
Change Dir: /tmp/tmp.zGPqB7Fg6o/cmake-build-debug/CMakeFiles/CMakeTmp

Run Build Command(s):/usr/bin/make cmTC_188c2/fast && /usr/bin/make -f CMakeFiles/cmTC_188c2.dir/build.make CMakeFiles/cmTC_188c2.dir/build
make[1]: Entering directory '/tmp/tmp.zGPqB7Fg6o/cmake-build-debug/CMakeFiles/CMakeTmp'
Building C object CMakeFiles/cmTC_188c2.dir/CheckFunctionExists.c.o
/usr/bin/cc   -Wstrict-prototypes -DCHECK_FUNCTION_EXISTS=pthread_create   -std=c11 -o CMakeFiles/cmTC_188c2.dir/CheckFunctionExists.c.o   -c /usr/share/cmake-3.16/Modules/CheckFunctionExists.c
Linking C executable cmTC_188c2
/usr/bin/cmake -E cmake_link_script CMakeFiles/cmTC_188c2.dir/link.txt --verbose=1
/usr/bin/cc  -Wstrict-prototypes -DCHECK_FUNCTION_EXISTS=pthread_create    CMakeFiles/cmTC_188c2.dir/CheckFunctionExists.c.o  -o cmTC_188c2  -lpthreads 
/usr/bin/ld: cannot find -lpthreads
collect2: error: ld returned 1 exit status
make[1]: *** [CMakeFiles/cmTC_188c2.dir/build.make:87: cmTC_188c2] Error 1
make[1]: Leaving directory '/tmp/tmp.zGPqB7Fg6o/cmake-build-debug/CMakeFiles/CMakeTmp'
make: *** [Makefile:121: cmTC_188c2/fast] Error 2



