Compiling the C compiler identification source file "CMakeCCompilerId.c" failed.
Compiler: /Library/Developer/CommandLineTools/usr/bin/cc 
Build flags: 
Id flags:  

The output was:
1
ld: library not found for -lSystem
clang: error: linker command failed with exit code 1 (use -v to see invocation)


Compiling the CXX compiler identification source file "CMakeCXXCompilerId.cpp" failed.
Compiler: /Library/Developer/CommandLineTools/usr/bin/c++ 
Build flags: 
Id flags:  

The output was:
1
ld: library not found for -lc++
clang: error: linker command failed with exit code 1 (use -v to see invocation)


Determining if the function crc32c_value exists in the crc32c failed with the following output:
Change Dir: /Users/whitesir/agora-cpp-work/ldb-learn/cmake-build-debug-system/CMakeFiles/CMakeTmp

Run Build Command(s):/usr/bin/make cmTC_84e36/fast && /Library/Developer/CommandLineTools/usr/bin/make  -f CMakeFiles/cmTC_84e36.dir/build.make CMakeFiles/cmTC_84e36.dir/build
Building C object CMakeFiles/cmTC_84e36.dir/CheckFunctionExists.c.o
/Library/Developer/CommandLineTools/usr/bin/cc   -DCHECK_FUNCTION_EXISTS=crc32c_value -isysroot /Library/Developer/CommandLineTools/SDKs/MacOSX11.1.sdk -std=c11 -o CMakeFiles/cmTC_84e36.dir/CheckFunctionExists.c.o -c /Applications/CLion.app/Contents/bin/cmake/mac/share/cmake-3.19/Modules/CheckFunctionExists.c
Linking C executable cmTC_84e36
/Applications/CLion.app/Contents/bin/cmake/mac/bin/cmake -E cmake_link_script CMakeFiles/cmTC_84e36.dir/link.txt --verbose=1
/Library/Developer/CommandLineTools/usr/bin/cc  -DCHECK_FUNCTION_EXISTS=crc32c_value -isysroot /Library/Developer/CommandLineTools/SDKs/MacOSX11.1.sdk -Wl,-search_paths_first -Wl,-headerpad_max_install_names CMakeFiles/cmTC_84e36.dir/CheckFunctionExists.c.o -o cmTC_84e36  -lcrc32c 
ld: library not found for -lcrc32c
clang: error: linker command failed with exit code 1 (use -v to see invocation)
make[1]: *** [cmTC_84e36] Error 1
make: *** [cmTC_84e36/fast] Error 2



Determining if the function snappy_compress exists in the snappy failed with the following output:
Change Dir: /Users/whitesir/agora-cpp-work/ldb-learn/cmake-build-debug-system/CMakeFiles/CMakeTmp

Run Build Command(s):/usr/bin/make cmTC_66ac8/fast && /Library/Developer/CommandLineTools/usr/bin/make  -f CMakeFiles/cmTC_66ac8.dir/build.make CMakeFiles/cmTC_66ac8.dir/build
Building C object CMakeFiles/cmTC_66ac8.dir/CheckFunctionExists.c.o
/Library/Developer/CommandLineTools/usr/bin/cc   -DCHECK_FUNCTION_EXISTS=snappy_compress -isysroot /Library/Developer/CommandLineTools/SDKs/MacOSX11.1.sdk -std=c11 -o CMakeFiles/cmTC_66ac8.dir/CheckFunctionExists.c.o -c /Applications/CLion.app/Contents/bin/cmake/mac/share/cmake-3.19/Modules/CheckFunctionExists.c
Linking C executable cmTC_66ac8
/Applications/CLion.app/Contents/bin/cmake/mac/bin/cmake -E cmake_link_script CMakeFiles/cmTC_66ac8.dir/link.txt --verbose=1
/Library/Developer/CommandLineTools/usr/bin/cc  -DCHECK_FUNCTION_EXISTS=snappy_compress -isysroot /Library/Developer/CommandLineTools/SDKs/MacOSX11.1.sdk -Wl,-search_paths_first -Wl,-headerpad_max_install_names CMakeFiles/cmTC_66ac8.dir/CheckFunctionExists.c.o -o cmTC_66ac8  -lsnappy 
ld: library not found for -lsnappy
clang: error: linker command failed with exit code 1 (use -v to see invocation)
make[1]: *** [cmTC_66ac8] Error 1
make: *** [cmTC_66ac8/fast] Error 2



Determining if the function malloc exists in the tcmalloc failed with the following output:
Change Dir: /Users/whitesir/agora-cpp-work/ldb-learn/cmake-build-debug-system/CMakeFiles/CMakeTmp

Run Build Command(s):/usr/bin/make cmTC_ee2cc/fast && /Library/Developer/CommandLineTools/usr/bin/make  -f CMakeFiles/cmTC_ee2cc.dir/build.make CMakeFiles/cmTC_ee2cc.dir/build
Building C object CMakeFiles/cmTC_ee2cc.dir/CheckFunctionExists.c.o
/Library/Developer/CommandLineTools/usr/bin/cc   -DCHECK_FUNCTION_EXISTS=malloc -isysroot /Library/Developer/CommandLineTools/SDKs/MacOSX11.1.sdk -std=c11 -o CMakeFiles/cmTC_ee2cc.dir/CheckFunctionExists.c.o -c /Applications/CLion.app/Contents/bin/cmake/mac/share/cmake-3.19/Modules/CheckFunctionExists.c
/Applications/CLion.app/Contents/bin/cmake/mac/share/cmake-3.19/Modules/CheckFunctionExists.c:7:3: warning: incompatible redeclaration of library function 'malloc' [-Wincompatible-library-redeclaration]
  CHECK_FUNCTION_EXISTS(void);
  ^
<command line>:1:31: note: expanded from here
#define CHECK_FUNCTION_EXISTS malloc
                              ^
/Applications/CLion.app/Contents/bin/cmake/mac/share/cmake-3.19/Modules/CheckFunctionExists.c:7:3: note: 'malloc' is a builtin with type 'void *(unsigned long)'
<command line>:1:31: note: expanded from here
#define CHECK_FUNCTION_EXISTS malloc
                              ^
1 warning generated.
Linking C executable cmTC_ee2cc
/Applications/CLion.app/Contents/bin/cmake/mac/bin/cmake -E cmake_link_script CMakeFiles/cmTC_ee2cc.dir/link.txt --verbose=1
/Library/Developer/CommandLineTools/usr/bin/cc  -DCHECK_FUNCTION_EXISTS=malloc -isysroot /Library/Developer/CommandLineTools/SDKs/MacOSX11.1.sdk -Wl,-search_paths_first -Wl,-headerpad_max_install_names CMakeFiles/cmTC_ee2cc.dir/CheckFunctionExists.c.o -o cmTC_ee2cc  -ltcmalloc 
ld: library not found for -ltcmalloc
clang: error: linker command failed with exit code 1 (use -v to see invocation)
make[1]: *** [cmTC_ee2cc] Error 1
make: *** [cmTC_ee2cc/fast] Error 2



Determining if the fdatasync exist failed with the following output:
Change Dir: /Users/whitesir/agora-cpp-work/ldb-learn/cmake-build-debug-system/CMakeFiles/CMakeTmp

Run Build Command(s):/usr/bin/make cmTC_d1cbc/fast && /Library/Developer/CommandLineTools/usr/bin/make  -f CMakeFiles/cmTC_d1cbc.dir/build.make CMakeFiles/cmTC_d1cbc.dir/build
Building CXX object CMakeFiles/cmTC_d1cbc.dir/CheckSymbolExists.cxx.o
/Library/Developer/CommandLineTools/usr/bin/c++   -isysroot /Library/Developer/CommandLineTools/SDKs/MacOSX11.1.sdk -std=c++11 -o CMakeFiles/cmTC_d1cbc.dir/CheckSymbolExists.cxx.o -c /Users/whitesir/agora-cpp-work/ldb-learn/cmake-build-debug-system/CMakeFiles/CMakeTmp/CheckSymbolExists.cxx
/Users/whitesir/agora-cpp-work/ldb-learn/cmake-build-debug-system/CMakeFiles/CMakeTmp/CheckSymbolExists.cxx:8:19: error: use of undeclared identifier 'fdatasync'
  return ((int*)(&fdatasync))[argc];
                  ^
1 error generated.
make[1]: *** [CMakeFiles/cmTC_d1cbc.dir/CheckSymbolExists.cxx.o] Error 1
make: *** [cmTC_d1cbc/fast] Error 2


File /Users/whitesir/agora-cpp-work/ldb-learn/cmake-build-debug-system/CMakeFiles/CMakeTmp/CheckSymbolExists.cxx:
/* */
#include <unistd.h>

int main(int argc, char** argv)
{
  (void)argv;
#ifndef fdatasync
  return ((int*)(&fdatasync))[argc];
#else
  (void)argc;
  return 0;
#endif
}
Performing C++ SOURCE FILE Test HAVE_KYOTOCABINET failed with the following output:
Change Dir: /Users/whitesir/agora-cpp-work/ldb-learn/cmake-build-debug-system/CMakeFiles/CMakeTmp

Run Build Command(s):/usr/bin/make cmTC_72aa3/fast && /Library/Developer/CommandLineTools/usr/bin/make  -f CMakeFiles/cmTC_72aa3.dir/build.make CMakeFiles/cmTC_72aa3.dir/build
Building CXX object CMakeFiles/cmTC_72aa3.dir/src.cxx.o
/Library/Developer/CommandLineTools/usr/bin/c++ -DHAVE_KYOTOCABINET  -fno-exceptions -fno-rtti  -isysroot /Library/Developer/CommandLineTools/SDKs/MacOSX11.1.sdk -std=c++11 -o CMakeFiles/cmTC_72aa3.dir/src.cxx.o -c /Users/whitesir/agora-cpp-work/ldb-learn/cmake-build-debug-system/CMakeFiles/CMakeTmp/src.cxx
/Users/whitesir/agora-cpp-work/ldb-learn/cmake-build-debug-system/CMakeFiles/CMakeTmp/src.cxx:2:10: fatal error: 'kcpolydb.h' file not found
#include <kcpolydb.h>
         ^~~~~~~~~~~~
1 error generated.
make[1]: *** [CMakeFiles/cmTC_72aa3.dir/src.cxx.o] Error 1
make: *** [cmTC_72aa3/fast] Error 2


Source file was:

#include <kcpolydb.h>

int main() {
  kyotocabinet::TreeDB* db = new kyotocabinet::TreeDB();
  delete db;
  return 0;
}
  
